Java program/app/build/intermediates/manifest_merge_blame_file/debug/manifest-merger-blame-debug-report.txt
1<?xml version="1.0" encoding="utf-8"?>
2<manifest xmlns:android="http://schemas.android.com/apk/res/android"
3    package="com.authapp"
4    android:versionCode="1"
5    android:versionName="1.0" >
6
7    <uses-sdk
8        android:minSdkVersion="17"
8-->src\main\AndroidManifest.xml
9        android:targetSdkVersion="30" />
9-->src\main\AndroidManifest.xml
10
11    <uses-permission android:name="android.permission.INTERNET" />
11-->src\main\AndroidManifest.xml:9:5-65
11-->src\main\AndroidManifest.xml:9:22-64
12    <uses-permission android:name="android.permission.READ_EXTERNAL_STORAGE" />
12-->src\main\AndroidManifest.xml:11:5-79
12-->src\main\AndroidManifest.xml:11:22-77
13    <uses-permission android:name="android.permission.WRITE_EXTERNAL_STORAGE" />
13-->src\main\AndroidManifest.xml:13:5-80
13-->src\main\AndroidManifest.xml:13:22-78
14    <uses-permission android:name="android.permission.SEND_SMS" />
14-->src\main\AndroidManifest.xml:15:5-66
14-->src\main\AndroidManifest.xml:15:22-64
15    <uses-permission android:name="android.permission.RECEIVE_SMS" />
15-->src\main\AndroidManifest.xml:17:5-69
15-->src\main\AndroidManifest.xml:17:22-67
16    <uses-permission android:name="android.permission.USE_BIOMETRIC" />
16-->src\main\AndroidManifest.xml:19:5-70
16-->src\main\AndroidManifest.xml:19:22-69
17    <uses-permission android:name="android.permission.WAKE_LOCK" />
17-->[net.gotev:uploadservice:2.1] AndroidManifest.xml:13:5-68
17-->[net.gotev:uploadservice:2.1] AndroidManifest.xml:13:22-65
18    <uses-permission android:name="android.permission.USE_FINGERPRINT" />
18-->[androidx.biometric:biometric:1.0.1] AndroidManifest.xml:25:5-74
18-->[androidx.biometric:biometric:1.0.1] AndroidManifest.xml:25:22-71
19
20    <application
20-->src\main\AndroidManifest.xml:28:5-105:18
21        android:name="androidx.multidex.MultiDexApplication"
22        android:allowBackup="true"
22-->src\main\AndroidManifest.xml:29:9-35
23        android:appComponentFactory="androidx.core.app.CoreComponentFactory"
23-->[androidx.core:core:1.3.1] AndroidManifest.xml:24:18-86
24        android:debuggable="true"
25        android:icon="@mipmap/ic_launcher"
25-->src\main\AndroidManifest.xml:30:9-43
26        android:label="@string/app_name"
26-->src\main\AndroidManifest.xml:31:9-41
27        android:roundIcon="@mipmap/ic_launcher_round"
27-->src\main\AndroidManifest.xml:32:9-54
28        android:supportsRtl="true"
28-->src\main\AndroidManifest.xml:33:9-35
29        android:testOnly="true"
30        android:theme="@style/AppTheme"
30-->src\main\AndroidManifest.xml:34:9-40
31        android:usesCleartextTraffic="true" >
31-->src\main\AndroidManifest.xml:35:9-44
32        <activity
32-->src\main\AndroidManifest.xml:39:9-41:40
33            android:name="com.authapp.SetPinActivity"
33-->src\main\AndroidManifest.xml:40:13-54
34            android:exported="false" />
34-->src\main\AndroidManifest.xml:41:13-37
35        <activity
35-->src\main\AndroidManifest.xml:45:9-47:40
36            android:name="com.authapp.VerifyPINActivity"
36-->src\main\AndroidManifest.xml:46:13-57
37            android:exported="false" />
37-->src\main\AndroidManifest.xml:47:13-37
38        <activity
38-->src\main\AndroidManifest.xml:51:9-53:40
39            android:name="com.authapp.VerifyOtpActivity"
39-->src\main\AndroidManifest.xml:52:13-57
40            android:exported="false" />
40-->src\main\AndroidManifest.xml:53:13-37
41        <activity
41-->src\main\AndroidManifest.xml:57:9-59:40
42            android:name="com.authapp.VerificationActivity"
42-->src\main\AndroidManifest.xml:58:13-60
43            android:exported="false" />
43-->src\main\AndroidManifest.xml:59:13-37
44        <activity android:name="com.authapp.DocumentAddActivity" />
44-->src\main\AndroidManifest.xml:61:9-67
44-->src\main\AndroidManifest.xml:61:19-65
45        <activity android:name="com.authapp.UpdateDPActivity" />
45-->src\main\AndroidManifest.xml:63:9-64
45-->src\main\AndroidManifest.xml:63:19-62
46        <activity android:name="com.authapp.ForgotPasswordActivity" />
46-->src\main\AndroidManifest.xml:65:9-70
46-->src\main\AndroidManifest.xml:65:19-68
47        <activity android:name="com.authapp.PasswordChangeActivity" />
47-->src\main\AndroidManifest.xml:67:9-70
47-->src\main\AndroidManifest.xml:67:19-68
48        <activity android:name="com.authapp.UserProfileActivity" />
48-->src\main\AndroidManifest.xml:69:9-67
48-->src\main\AndroidManifest.xml:69:19-65
49        <activity android:name="com.authapp.UserRegisterActivity" />
49-->src\main\AndroidManifest.xml:71:9-68
49-->src\main\AndroidManifest.xml:71:19-66
50        <activity android:name="com.authapp.LoginActivity" />
50-->src\main\AndroidManifest.xml:73:9-61
50-->src\main\AndroidManifest.xml:73:19-59
51        <activity android:name="com.authapp.HomePageActivity" >
51-->src\main\AndroidManifest.xml:75:9-79:18
51-->src\main\AndroidManifest.xml:75:19-62
52        </activity>
53        <activity android:name="com.authapp.SplashActivity" >
53-->src\main\AndroidManifest.xml:81:9-93:19
53-->src\main\AndroidManifest.xml:81:19-60
54            <intent-filter>
54-->src\main\AndroidManifest.xml:83:13-91:28
55                <action android:name="android.intent.action.MAIN" />
55-->src\main\AndroidManifest.xml:85:17-68
55-->src\main\AndroidManifest.xml:85:25-66
56
57                <category android:name="android.intent.category.LAUNCHER" />
57-->src\main\AndroidManifest.xml:89:17-75
57-->src\main\AndroidManifest.xml:89:27-74
58            </intent-filter>
59        </activity>
60        <activity android:name="com.authapp.MainActivity" />
60-->src\main\AndroidManifest.xml:95:9-60
60-->src\main\AndroidManifest.xml:95:19-58
61
62        <uses-library
62-->src\main\AndroidManifest.xml:101:9-103:40
63            android:name="org.apache.http.legacy"
63-->src\main\AndroidManifest.xml:102:13-50
64            android:required="false" />
64-->src\main\AndroidManifest.xml:103:13-37
65
66        <service
66-->[net.gotev:uploadservice:2.1] AndroidManifest.xml:16:9-20:19
67            android:name="net.gotev.uploadservice.UploadService"
67-->[net.gotev:uploadservice:2.1] AndroidManifest.xml:17:13-65
68            android:enabled="true"
68-->[net.gotev:uploadservice:2.1] AndroidManifest.xml:18:13-35
69            android:exported="true" >
69-->[net.gotev:uploadservice:2.1] AndroidManifest.xml:19:13-36
70        </service>
71
72        <activity
72-->[androidx.biometric:biometric:1.0.1] AndroidManifest.xml:28:9-31:67
73            android:name="androidx.biometric.DeviceCredentialHandlerActivity"
73-->[androidx.biometric:biometric:1.0.1] AndroidManifest.xml:29:13-78
74            android:exported="true"
74-->[androidx.biometric:biometric:1.0.1] AndroidManifest.xml:30:13-36
75            android:theme="@style/DeviceCredentialHandlerTheme" />
75-->[androidx.biometric:biometric:1.0.1] AndroidManifest.xml:31:13-64
76    </application>
77
78</manifest>